Using pre-set license
Built from '2020.3/release' branch; Version is '2020.3.1f1 (77a89f25062f) revision 7841951'; Using compiler version '192528614'; Build Type 'Release'
OS: 'Windows 10 Pro; OS build 19041.985; Version 2004; 64bit' Language: 'es' Physical Memory: 8150 MB
BatchMode: 1, IsHumanControllingUs: 0, StartBugReporterOnCrash: 0, Is64bit: 1, IsPro: 0

 COMMAND LINE ARGUMENTS:
C:\Program Files\Unity\Hub\Editor\2020.3.1f1\Editor\Unity.exe
-adb2
-batchMode
-noUpm
-name
AssetImportWorker0
-projectPath
C:/Users/cristina.alvarez/Desktop/GitHub/FirebaseTest
-logFile
Logs/AssetImportWorker0.log
-srvPort
50961
Successfully changed project path to: C:/Users/cristina.alvarez/Desktop/GitHub/FirebaseTest
C:/Users/cristina.alvarez/Desktop/GitHub/FirebaseTest
Using Asset Import Pipeline V2.
Refreshing native plugins compatible for Editor in 46.89 ms, found 1 plugins.
Preloading 0 native plugins for Editor in 0.00 ms.
Initialize engine version: 2020.3.1f1 (77a89f25062f)
[Subsystems] Discovering subsystems at path C:/Program Files/Unity/Hub/Editor/2020.3.1f1/Editor/Data/Resources/UnitySubsystems
[Subsystems] Discovering subsystems at path C:/Users/cristina.alvarez/Desktop/GitHub/FirebaseTest/Assets
GfxDevice: creating device client; threaded=0
Direct3D:
    Version:  Direct3D 11.0 [level 11.0]
    Renderer: NVIDIA GeForce GT 710 (ID=0x128b)
    Vendor:   
    VRAM:     984 MB
    Driver:   27.21.14.5671
Initialize mono
Mono path[0] = 'C:/Program Files/Unity/Hub/Editor/2020.3.1f1/Editor/Data/Managed'
Mono path[1] = 'C:/Program Files/Unity/Hub/Editor/2020.3.1f1/Editor/Data/MonoBleedingEdge/lib/mono/unityjit'
Mono config path = 'C:/Program Files/Unity/Hub/Editor/2020.3.1f1/Editor/Data/MonoBleedingEdge/etc'
Using monoOptions --debugger-agent=transport=dt_socket,embedding=1,server=y,suspend=n,address=127.0.0.1:56324
Begin MonoManager ReloadAssembly
Registering precompiled unity dll's ...
Register platform support module: C:/Program Files/Unity/Hub/Editor/2020.3.1f1/Editor/Data/PlaybackEngines/WebGLSupport/UnityEditor.WebGL.Extensions.dll
Register platform support module: C:/Program Files/Unity/Hub/Editor/2020.3.1f1/Editor/Data/PlaybackEngines/WindowsStandaloneSupport/UnityEditor.WindowsStandalone.Extensions.dll
Registered in 0.003178 seconds.
Native extension for WindowsStandalone target not found
Native extension for WebGL target not found
Refreshing native plugins compatible for Editor in 41.40 ms, found 1 plugins.
Preloading 0 native plugins for Editor in 0.00 ms.
Invoked RoslynAnalysisRunner static constructor.
RoslynAnalysisRunner will not be running.
RoslynAnalysisRunner has terminated.
Mono: successfully reloaded assembly
- Completed reload, in  2.246 seconds
Platform modules already initialized, skipping
Registering precompiled user dll's ...
Registered in 0.001752 seconds.
Begin MonoManager ReloadAssembly
Native extension for WindowsStandalone target not found
Native extension for WebGL target not found
Refreshing native plugins compatible for Editor in 41.75 ms, found 1 plugins.
Preloading 0 native plugins for Editor in 0.00 ms.
Invoked RoslynAnalysisRunner static constructor.
RoslynAnalysisRunner will not be running.
RoslynAnalysisRunner has terminated.
Mono: successfully reloaded assembly
- Completed reload, in  1.110 seconds
Platform modules already initialized, skipping
========================================================================
Worker process is ready to serve import requests
Launched and connected shader compiler UnityShaderCompiler.exe after 0.05 seconds
Refreshing native plugins compatible for Editor in 0.35 ms, found 1 plugins.
Preloading 0 native plugins for Editor in 0.00 ms.
Unloading 1806 Unused Serialized files (Serialized files now loaded: 0)
System memory in use before: 84.6 MB.
System memory in use after: 84.6 MB.

Unloading 24 unused Assets to reduce memory usage. Loaded Objects now: 2248.
Total: 2.554400 ms (FindLiveObjects: 0.470500 ms CreateObjectMapping: 0.131700 ms MarkObjects: 1.804000 ms  DeleteObjects: 0.146800 ms)

========================================================================
Received Import Request.
  path: Assets/Clean Settings UI/Clean Settings UI.unity
  artifactKey: Guid(c161cbe1d02774c6a988b00b2d8baadf) Importer(815301076,1909f56bfc062723c751e8b465ee728b)
Start importing Assets/Clean Settings UI/Clean Settings UI.unity using Guid(c161cbe1d02774c6a988b00b2d8baadf) Importer(815301076,1909f56bfc062723c751e8b465ee728b)  -> (artifact id: '95f78793ed1464a2176a55124843485e') in 0.012462 seconds
  Import took 0.015803 seconds .

========================================================================
Received Import Request.
  Time since last request: 0.000234 seconds.
  path: Assets/Clean Settings UI
  artifactKey: Guid(91ef96a65291c3e4c9428f130577c103) Importer(815301076,1909f56bfc062723c751e8b465ee728b)
Start importing Assets/Clean Settings UI using Guid(91ef96a65291c3e4c9428f130577c103) Importer(815301076,1909f56bfc062723c751e8b465ee728b)  -> (artifact id: 'e3d8ac92f888c0d6b02c19bda3be9532') in 0.002234 seconds
  Import took 0.005107 seconds .

========================================================================
Received Import Request.
  Time since last request: 0.000242 seconds.
  path: Assets/Scenes/SampleScene.unity
  artifactKey: Guid(2cda990e2423bbf4892e6590ba056729) Importer(815301076,1909f56bfc062723c751e8b465ee728b)
Start importing Assets/Scenes/SampleScene.unity using Guid(2cda990e2423bbf4892e6590ba056729) Importer(815301076,1909f56bfc062723c751e8b465ee728b)  -> (artifact id: '843fd1ca81cfc1706e1cdb210696cdce') in 0.002517 seconds
  Import took 0.005491 seconds .

========================================================================
Received Import Request.
  Time since last request: 0.000233 seconds.
  path: Assets/Scenes
  artifactKey: Guid(09e0136a557fcf9438aec1776da7592b) Importer(815301076,1909f56bfc062723c751e8b465ee728b)
Start importing Assets/Scenes using Guid(09e0136a557fcf9438aec1776da7592b) Importer(815301076,1909f56bfc062723c751e8b465ee728b)  -> (artifact id: '68d4e35c5331921c30367f156980c051') in 0.002260 seconds
  Import took 0.007171 seconds .

========================================================================
Received Import Request.
  Time since last request: 54.346821 seconds.
  path: Assets
  artifactKey: Guid(00000000000000001000000000000000) Importer(815301076,1909f56bfc062723c751e8b465ee728b)
Start importing Assets using Guid(00000000000000001000000000000000) Importer(815301076,1909f56bfc062723c751e8b465ee728b)  -> (artifact id: 'a6374019befeac6ce670f13ba9960efb') in 0.004845 seconds
  Import took 0.008914 seconds .

========================================================================
Received Prepare
Registering precompiled user dll's ...
Registered in 0.001264 seconds.
Begin MonoManager ReloadAssembly
Native extension for WindowsStandalone target not found
Native extension for WebGL target not found
Refreshing native plugins compatible for Editor in 0.59 ms, found 1 plugins.
Preloading 0 native plugins for Editor in 0.00 ms.
Invoked RoslynAnalysisRunner static constructor.
RoslynAnalysisRunner will not be running.
RoslynAnalysisRunner has terminated.
Mono: successfully reloaded assembly
- Completed reload, in  1.115 seconds
Platform modules already initialized, skipping
Refreshing native plugins compatible for Editor in 0.35 ms, found 1 plugins.
Preloading 0 native plugins for Editor in 0.00 ms.
Unloading 1802 Unused Serialized files (Serialized files now loaded: 0)
System memory in use before: 84.6 MB.
System memory in use after: 84.6 MB.

Unloading 12 unused Assets to reduce memory usage. Loaded Objects now: 2253.
Total: 2.306500 ms (FindLiveObjects: 0.253800 ms CreateObjectMapping: 0.190400 ms MarkObjects: 1.747600 ms  DeleteObjects: 0.113500 ms)

========================================================================
Received Import Request.
  Time since last request: 80.058333 seconds.
  path: Assets/TextMesh Pro
  artifactKey: Guid(f54d1bd14bd3ca042bd867b519fee8cc) Importer(815301076,1909f56bfc062723c751e8b465ee728b)
Start importing Assets/TextMesh Pro using Guid(f54d1bd14bd3ca042bd867b519fee8cc) Importer(815301076,1909f56bfc062723c751e8b465ee728b)  -> (artifact id: '4fe1e02b069bed39c508f869cad12467') in 0.005308 seconds
  Import took 0.008490 seconds .

========================================================================
Received Import Request.
  Time since last request: 0.007020 seconds.
  path: Assets/TextMesh Pro
  artifactKey: Guid(f54d1bd14bd3ca042bd867b519fee8cc) Importer(815301076,1909f56bfc062723c751e8b465ee728b)
Start importing Assets/TextMesh Pro using Guid(f54d1bd14bd3ca042bd867b519fee8cc) Importer(815301076,1909f56bfc062723c751e8b465ee728b)  -> (artifact id: '4fe1e02b069bed39c508f869cad12467') in 0.003463 seconds
  Import took 0.006680 seconds .

========================================================================
Received Import Request.
  Time since last request: 8.324783 seconds.
  path: Assets/Scenes
  artifactKey: Guid(d06be935460b9734aa2123d94b3fdd8b) Importer(815301076,1909f56bfc062723c751e8b465ee728b)
Start importing Assets/Scenes using Guid(d06be935460b9734aa2123d94b3fdd8b) Importer(815301076,1909f56bfc062723c751e8b465ee728b)  -> (artifact id: '0ae2d345848a5da6bd88d22f026fa04c') in 0.003528 seconds
  Import took 0.007969 seconds .

========================================================================
Received Import Request.
  Time since last request: 0.753047 seconds.
  path: Assets/Scenes/SampleScene.unity
  artifactKey: Guid(d3c095d7e7b30644c925998a0b5842a5) Importer(815301076,1909f56bfc062723c751e8b465ee728b)
Start importing Assets/Scenes/SampleScene.unity using Guid(d3c095d7e7b30644c925998a0b5842a5) Importer(815301076,1909f56bfc062723c751e8b465ee728b)  -> (artifact id: '978e658a3f4b35396dd4d429107f6505') in 0.011507 seconds
  Import took 0.016538 seconds .

========================================================================
Received Prepare
Registering precompiled user dll's ...
Registered in 0.001239 seconds.
Begin MonoManager ReloadAssembly
Native extension for WindowsStandalone target not found
Native extension for WebGL target not found
Refreshing native plugins compatible for Editor in 0.41 ms, found 1 plugins.
Preloading 0 native plugins for Editor in 0.00 ms.
Invoked RoslynAnalysisRunner static constructor.
RoslynAnalysisRunner will not be running.
RoslynAnalysisRunner has terminated.
Mono: successfully reloaded assembly
- Completed reload, in  1.106 seconds
Platform modules already initialized, skipping
Refreshing native plugins compatible for Editor in 0.72 ms, found 1 plugins.
Preloading 0 native plugins for Editor in 0.00 ms.
Unloading 1849 Unused Serialized files (Serialized files now loaded: 0)
System memory in use before: 87.3 MB.
System memory in use after: 86.7 MB.

Unloading 25 unused Assets to reduce memory usage. Loaded Objects now: 2291.
Total: 2.621500 ms (FindLiveObjects: 0.209800 ms CreateObjectMapping: 0.090200 ms MarkObjects: 1.951600 ms  DeleteObjects: 0.368200 ms)

========================================================================
Received Import Request.
  Time since last request: 126.522775 seconds.
  path: Assets/Materials
  artifactKey: Guid(d0234ba368eeec9418390da711bfdad0) Importer(815301076,1909f56bfc062723c751e8b465ee728b)
Start importing Assets/Materials using Guid(d0234ba368eeec9418390da711bfdad0) Importer(815301076,1909f56bfc062723c751e8b465ee728b)  -> (artifact id: '9f0bedcdb527d9144f75a4ef3cc36afe') in 0.007824 seconds
  Import took 0.011888 seconds .

========================================================================
Received Import Request.
  Time since last request: 0.054079 seconds.
  path: Assets/Materials/Skybox_Mat.mat
  artifactKey: Guid(0ffaa0b7117ba8c47a9d05ae701d4b4d) Importer(815301076,1909f56bfc062723c751e8b465ee728b)
Start importing Assets/Materials/Skybox_Mat.mat using Guid(0ffaa0b7117ba8c47a9d05ae701d4b4d) Importer(815301076,1909f56bfc062723c751e8b465ee728b)  -> (artifact id: '56d20d497dfe624a32a45723f02c1609') in 0.520860 seconds
  Import took 0.524463 seconds .

========================================================================
Received Import Request.
  Time since last request: 151.444399 seconds.
  path: Assets/Scripts
  artifactKey: Guid(02a3527b6b33a924e8ec66aa805ea717) Importer(815301076,1909f56bfc062723c751e8b465ee728b)
Start importing Assets/Scripts using Guid(02a3527b6b33a924e8ec66aa805ea717) Importer(815301076,1909f56bfc062723c751e8b465ee728b)  -> (artifact id: 'ff7017df2026051e0f20b6851e476600') in 0.002788 seconds
  Import took 0.006957 seconds .

========================================================================
Received Import Request.
  Time since last request: 0.003119 seconds.
  path: Assets/Scripts
  artifactKey: Guid(02a3527b6b33a924e8ec66aa805ea717) Importer(815301076,1909f56bfc062723c751e8b465ee728b)
Start importing Assets/Scripts using Guid(02a3527b6b33a924e8ec66aa805ea717) Importer(815301076,1909f56bfc062723c751e8b465ee728b)  -> (artifact id: 'ff7017df2026051e0f20b6851e476600') in 0.002686 seconds
  Import took 0.006324 seconds .

========================================================================
Received Import Request.
  Time since last request: 1.708002 seconds.
  path: Assets/Scripts/UIManager.cs
  artifactKey: Guid(bb91abc2205fa1445b6687808ebdcc64) Importer(815301076,1909f56bfc062723c751e8b465ee728b)
Start importing Assets/Scripts/UIManager.cs using Guid(bb91abc2205fa1445b6687808ebdcc64) Importer(815301076,1909f56bfc062723c751e8b465ee728b)  -> (artifact id: 'aa46360dee7cf05d468fea2bb23b97d3') in 0.009478 seconds
  Import took 0.012675 seconds .

========================================================================
Received Import Request.
  Time since last request: 0.024615 seconds.
  path: Assets/Scripts/UIManager.cs
  artifactKey: Guid(bb91abc2205fa1445b6687808ebdcc64) Importer(815301076,1909f56bfc062723c751e8b465ee728b)
Start importing Assets/Scripts/UIManager.cs using Guid(bb91abc2205fa1445b6687808ebdcc64) Importer(815301076,1909f56bfc062723c751e8b465ee728b)  -> (artifact id: 'aa46360dee7cf05d468fea2bb23b97d3') in 0.002681 seconds
  Import took 0.005913 seconds .

========================================================================
Received Prepare
Registering precompiled user dll's ...
Registered in 0.001272 seconds.
Begin MonoManager ReloadAssembly
Native extension for WindowsStandalone target not found
Native extension for WebGL target not found
Refreshing native plugins compatible for Editor in 0.41 ms, found 1 plugins.
Preloading 0 native plugins for Editor in 0.00 ms.
Invoked RoslynAnalysisRunner static constructor.
RoslynAnalysisRunner will not be running.
RoslynAnalysisRunner has terminated.
Mono: successfully reloaded assembly
- Completed reload, in  1.060 seconds
Platform modules already initialized, skipping
Refreshing native plugins compatible for Editor in 0.40 ms, found 1 plugins.
Preloading 0 native plugins for Editor in 0.00 ms.
Unloading 1849 Unused Serialized files (Serialized files now loaded: 0)
System memory in use before: 90.6 MB.
System memory in use after: 90.0 MB.

Unloading 25 unused Assets to reduce memory usage. Loaded Objects now: 2336.
Total: 2.386600 ms (FindLiveObjects: 0.205400 ms CreateObjectMapping: 0.067900 ms MarkObjects: 1.731700 ms  DeleteObjects: 0.380200 ms)

========================================================================
Received Import Request.
  Time since last request: 28.389437 seconds.
  path: Assets/Scripts/UIManager1.cs
  artifactKey: Guid(334c2a3576247d847a049df30ed16e02) Importer(815301076,1909f56bfc062723c751e8b465ee728b)
Start importing Assets/Scripts/UIManager1.cs using Guid(334c2a3576247d847a049df30ed16e02) Importer(815301076,1909f56bfc062723c751e8b465ee728b)  -> (artifact id: '5bc061756cf28aa379b32b5fcbb134bd') in 0.006062 seconds
  Import took 0.009585 seconds .

========================================================================
Received Import Request.
  Time since last request: 0.002054 seconds.
  path: Assets/Scripts/UIManager1.cs
  artifactKey: Guid(334c2a3576247d847a049df30ed16e02) Importer(815301076,1909f56bfc062723c751e8b465ee728b)
Start importing Assets/Scripts/UIManager1.cs using Guid(334c2a3576247d847a049df30ed16e02) Importer(815301076,1909f56bfc062723c751e8b465ee728b)  -> (artifact id: '5bc061756cf28aa379b32b5fcbb134bd') in 0.002905 seconds
  Import took 0.006392 seconds .

========================================================================
Received Import Request.
  Time since last request: 63.745923 seconds.
  path: Assets/Scripts/AuthManager.cs
  artifactKey: Guid(2009d6cc7bca3e34ba965895073d9de4) Importer(815301076,1909f56bfc062723c751e8b465ee728b)
Start importing Assets/Scripts/AuthManager.cs using Guid(2009d6cc7bca3e34ba965895073d9de4) Importer(815301076,1909f56bfc062723c751e8b465ee728b)  -> (artifact id: 'b5d3868cb936ab3fa538f6147fe40d8f') in 0.004553 seconds
  Import took 0.008985 seconds .

========================================================================
Received Import Request.
  Time since last request: 0.001117 seconds.
  path: Assets/Scripts/AuthManager.cs
  artifactKey: Guid(2009d6cc7bca3e34ba965895073d9de4) Importer(815301076,1909f56bfc062723c751e8b465ee728b)
Start importing Assets/Scripts/AuthManager.cs using Guid(2009d6cc7bca3e34ba965895073d9de4) Importer(815301076,1909f56bfc062723c751e8b465ee728b)  -> (artifact id: 'b5d3868cb936ab3fa538f6147fe40d8f') in 0.005164 seconds
  Import took 0.017501 seconds .

========================================================================
Received Prepare
Registering precompiled user dll's ...
Registered in 0.001299 seconds.
Begin MonoManager ReloadAssembly
Native extension for WindowsStandalone target not found
Native extension for WebGL target not found
Refreshing native plugins compatible for Editor in 0.45 ms, found 1 plugins.
Preloading 0 native plugins for Editor in 0.00 ms.
Invoked RoslynAnalysisRunner static constructor.
RoslynAnalysisRunner will not be running.
RoslynAnalysisRunner has terminated.
Mono: successfully reloaded assembly
- Completed reload, in  1.298 seconds
Platform modules already initialized, skipping
Refreshing native plugins compatible for Editor in 0.44 ms, found 1 plugins.
Preloading 0 native plugins for Editor in 0.00 ms.
Unloading 1849 Unused Serialized files (Serialized files now loaded: 0)
System memory in use before: 90.6 MB.
System memory in use after: 90.0 MB.

Unloading 25 unused Assets to reduce memory usage. Loaded Objects now: 2340.
Total: 2.720500 ms (FindLiveObjects: 0.209000 ms CreateObjectMapping: 0.077600 ms MarkObjects: 1.898500 ms  DeleteObjects: 0.534100 ms)

========================================================================
Received Import Request.
  Time since last request: 380.271617 seconds.
  path: Assets/Settings
  artifactKey: Guid(0735c275001a2c84dafdb30deced5d8d) Importer(815301076,1909f56bfc062723c751e8b465ee728b)
Start importing Assets/Settings using Guid(0735c275001a2c84dafdb30deced5d8d) Importer(815301076,1909f56bfc062723c751e8b465ee728b)  -> (artifact id: '9308cc7a074ad18ed3456a7b401062b7') in 0.012381 seconds
  Import took 0.017932 seconds .

========================================================================
Received Import Request.
  Time since last request: 0.002112 seconds.
  path: Assets/Settings
  artifactKey: Guid(0735c275001a2c84dafdb30deced5d8d) Importer(815301076,1909f56bfc062723c751e8b465ee728b)
Start importing Assets/Settings using Guid(0735c275001a2c84dafdb30deced5d8d) Importer(815301076,1909f56bfc062723c751e8b465ee728b)  -> (artifact id: '9308cc7a074ad18ed3456a7b401062b7') in 0.004934 seconds
  Import took 0.013752 seconds .

========================================================================
Received Prepare
Registering precompiled user dll's ...
Registered in 0.013177 seconds.
Begin MonoManager ReloadAssembly
Native extension for WindowsStandalone target not found
Native extension for WebGL target not found
Refreshing native plugins compatible for Editor in 0.69 ms, found 3 plugins.
Preloading 0 native plugins for Editor in 0.00 ms.
Invoked RoslynAnalysisRunner static constructor.
RoslynAnalysisRunner will not be running.
RoslynAnalysisRunner has terminated.
Mono: successfully reloaded assembly
- Completed reload, in  0.931 seconds
Platform modules already initialized, skipping
Refreshing native plugins compatible for Editor in 0.52 ms, found 3 plugins.
Preloading 0 native plugins for Editor in 0.00 ms.
Unloading 1874 Unused Serialized files (Serialized files now loaded: 0)
System memory in use before: 91.4 MB.
System memory in use after: 90.8 MB.

Unloading 50 unused Assets to reduce memory usage. Loaded Objects now: 2356.
Total: 3.014900 ms (FindLiveObjects: 0.280800 ms CreateObjectMapping: 0.091200 ms MarkObjects: 2.116400 ms  DeleteObjects: 0.524800 ms)

========================================================================
Received Prepare
Registering precompiled user dll's ...
Registered in 0.011419 seconds.
Begin MonoManager ReloadAssembly
Native extension for WindowsStandalone target not found
Native extension for WebGL target not found
Refreshing native plugins compatible for Editor in 0.56 ms, found 3 plugins.
Preloading 0 native plugins for Editor in 0.00 ms.
Invoked RoslynAnalysisRunner static constructor.
RoslynAnalysisRunner will not be running.
RoslynAnalysisRunner has terminated.
Mono: successfully reloaded assembly
- Completed reload, in  1.228 seconds
Platform modules already initialized, skipping
Refreshing native plugins compatible for Editor in 0.57 ms, found 3 plugins.
Preloading 0 native plugins for Editor in 0.00 ms.
Unloading 1874 Unused Serialized files (Serialized files now loaded: 0)
System memory in use before: 91.5 MB.
System memory in use after: 90.8 MB.

Unloading 50 unused Assets to reduce memory usage. Loaded Objects now: 2360.
Total: 2.755200 ms (FindLiveObjects: 0.253800 ms CreateObjectMapping: 0.100200 ms MarkObjects: 1.983300 ms  DeleteObjects: 0.415900 ms)

========================================================================
Received Prepare
Registering precompiled user dll's ...
Registered in 0.012334 seconds.
Begin MonoManager ReloadAssembly
Native extension for WindowsStandalone target not found
Native extension for WebGL target not found
Refreshing native plugins compatible for Editor in 0.54 ms, found 3 plugins.
Preloading 0 native plugins for Editor in 0.00 ms.
Invoked RoslynAnalysisRunner static constructor.
RoslynAnalysisRunner will not be running.
RoslynAnalysisRunner has terminated.
Mono: successfully reloaded assembly
- Completed reload, in  1.131 seconds
Platform modules already initialized, skipping
Refreshing native plugins compatible for Editor in 0.55 ms, found 3 plugins.
Preloading 0 native plugins for Editor in 0.00 ms.
Unloading 1874 Unused Serialized files (Serialized files now loaded: 0)
System memory in use before: 91.5 MB.
System memory in use after: 90.9 MB.

Unloading 50 unused Assets to reduce memory usage. Loaded Objects now: 2364.
Total: 2.419200 ms (FindLiveObjects: 0.211500 ms CreateObjectMapping: 0.071800 ms MarkObjects: 1.700100 ms  DeleteObjects: 0.434500 ms)

========================================================================
Received Prepare
Registering precompiled user dll's ...
Registered in 0.016220 seconds.
Begin MonoManager ReloadAssembly
Native extension for WindowsStandalone target not found
Native extension for WebGL target not found
Refreshing native plugins compatible for Editor in 1.86 ms, found 3 plugins.
Preloading 0 native plugins for Editor in 0.00 ms.
Invoked RoslynAnalysisRunner static constructor.
RoslynAnalysisRunner will not be running.
RoslynAnalysisRunner has terminated.
Mono: successfully reloaded assembly
- Completed reload, in  1.588 seconds
Platform modules already initialized, skipping
Refreshing native plugins compatible for Editor in 0.64 ms, found 3 plugins.
Preloading 0 native plugins for Editor in 0.00 ms.
Unloading 1875 Unused Serialized files (Serialized files now loaded: 0)
System memory in use before: 91.5 MB.
System memory in use after: 90.9 MB.

Unloading 50 unused Assets to reduce memory usage. Loaded Objects now: 2369.
Total: 3.319000 ms (FindLiveObjects: 0.252400 ms CreateObjectMapping: 0.097600 ms MarkObjects: 2.532600 ms  DeleteObjects: 0.434500 ms)

========================================================================
Received Prepare
Registering precompiled user dll's ...
Registered in 0.026396 seconds.
Begin MonoManager ReloadAssembly
Native extension for WindowsStandalone target not found
Native extension for WebGL target not found
Refreshing native plugins compatible for Editor in 0.61 ms, found 3 plugins.
Preloading 0 native plugins for Editor in 0.00 ms.
Invoked RoslynAnalysisRunner static constructor.
RoslynAnalysisRunner will not be running.
RoslynAnalysisRunner has terminated.
Mono: successfully reloaded assembly
- Completed reload, in  1.366 seconds
Platform modules already initialized, skipping
Refreshing native plugins compatible for Editor in 0.58 ms, found 3 plugins.
Preloading 0 native plugins for Editor in 0.00 ms.
Unloading 1875 Unused Serialized files (Serialized files now loaded: 0)
System memory in use before: 91.5 MB.
System memory in use after: 90.9 MB.

Unloading 50 unused Assets to reduce memory usage. Loaded Objects now: 2373.
Total: 3.561200 ms (FindLiveObjects: 0.206900 ms CreateObjectMapping: 0.084100 ms MarkObjects: 2.829100 ms  DeleteObjects: 0.439000 ms)

========================================================================
Received Import Request.
  Time since last request: 1167.363475 seconds.
  path: Assets/google-services.json
  artifactKey: Guid(ff3af03a33e05e140a4dd154ba9861c0) Importer(815301076,1909f56bfc062723c751e8b465ee728b)
Start importing Assets/google-services.json using Guid(ff3af03a33e05e140a4dd154ba9861c0) Importer(815301076,1909f56bfc062723c751e8b465ee728b)  -> (artifact id: 'cf87ae2a6db48f0ff7f3ef068a47abd4') in 0.020024 seconds
  Import took 0.024738 seconds .

========================================================================
Received Import Request.
  Time since last request: 0.024289 seconds.
  path: Assets/google-services.json
  artifactKey: Guid(ff3af03a33e05e140a4dd154ba9861c0) Importer(815301076,1909f56bfc062723c751e8b465ee728b)
Start importing Assets/google-services.json using Guid(ff3af03a33e05e140a4dd154ba9861c0) Importer(815301076,1909f56bfc062723c751e8b465ee728b)  -> (artifact id: 'cf87ae2a6db48f0ff7f3ef068a47abd4') in 0.003296 seconds
  Import took 0.006700 seconds .

========================================================================
Received Prepare
Registering precompiled user dll's ...
Registered in 0.011469 seconds.
Begin MonoManager ReloadAssembly
Native extension for WindowsStandalone target not found
Native extension for WebGL target not found
Refreshing native plugins compatible for Editor in 0.59 ms, found 3 plugins.
Preloading 0 native plugins for Editor in 0.00 ms.
Invoked RoslynAnalysisRunner static constructor.
RoslynAnalysisRunner will not be running.
RoslynAnalysisRunner has terminated.
Mono: successfully reloaded assembly
- Completed reload, in  1.140 seconds
Platform modules already initialized, skipping
Refreshing native plugins compatible for Editor in 0.57 ms, found 3 plugins.
Preloading 0 native plugins for Editor in 0.00 ms.
Unloading 1875 Unused Serialized files (Serialized files now loaded: 0)
System memory in use before: 91.5 MB.
System memory in use after: 90.9 MB.

Unloading 50 unused Assets to reduce memory usage. Loaded Objects now: 2377.
Total: 2.645800 ms (FindLiveObjects: 0.220500 ms CreateObjectMapping: 0.080400 ms MarkObjects: 1.902800 ms  DeleteObjects: 0.441100 ms)

AssetImportWorkerClient::OnTransportError - code=2 error=End of file
